🌉 PLATO → Matrix Bridge starting...
  No new tiles (815 total)
  Posted: 🧱 3 new PLATO tiles (total: 818)
  • telepathy: +1 (49 total)
  • shell_system: +1 (50 total)
  • ed...
  No new tiles (818 total)
  No new tiles (818 total)
  No new tiles (818 total)
  Posted: 🧱 3 new PLATO tiles (total: 821)
  • knowledge_preservation: +1 (49 total)
  • instinct_training: +1...
  Posted: 🧱 3 new PLATO tiles (total: 824)
  • knowledge_preservation: +1 (50 total)
  • instinct_training: +1...
  No new tiles (824 total)
  Posted: 🧱 1 new PLATO tiles (total: 825)
  • jc1_context: +1 (55 total)...
  No new tiles (825 total)
  Posted: 🧱 3 new PLATO tiles (total: 828)
  • deadband_protocol: +1 (51 total)
  • fleet_orchestration: +1 (4...
  Posted: 🧱 3 new PLATO tiles (total: 831)
  • deadband_protocol: +1 (52 total)
  • fleet_orchestration: +1 (5...
  No new tiles (831 total)
  No new tiles (831 total)
  No new tiles (831 total)
  Posted: 🧱 3 new PLATO tiles (total: 834)
  • confidence_proofs: +1 (47 total)
  • fleet_security: +1 (47 tot...
  Posted: 🧱 3 new PLATO tiles (total: 837)
  • confidence_proofs: +1 (48 total)
  • fleet_security: +1 (48 tot...
  No new tiles (837 total)
  No new tiles (837 total)
  No new tiles (837 total)
  Posted: 🧱 3 new PLATO tiles (total: 840)
  • telepathy: +1 (50 total)
  • shell_system: +1 (51 total)
  • ed...
  Posted: 🧱 2 new PLATO tiles (total: 842)
  • shell_system: +1 (52 total)
  • edge_compute: +1 (52 total)...
  No new tiles (842 total)
  Posted: 🧱 1 new PLATO tiles (total: 843)
  • jc1_context: +1 (56 total)...
  No new tiles (843 total)
  Posted: 🧱 3 new PLATO tiles (total: 846)
  • knowledge_preservation: +1 (51 total)
  • instinct_training: +1...
  Posted: 🧱 3 new PLATO tiles (total: 849)
  • knowledge_preservation: +1 (52 total)
  • instinct_training: +1...
  No new tiles (849 total)
  No new tiles (849 total)
  No new tiles (849 total)
  Posted: 🧱 2 new PLATO tiles (total: 851)
  • fleet_orchestration: +1 (51 total)
  • skill_dsl: +1 (52 total)...
  Posted: 🧱 5 new PLATO tiles (total: 856)
  • deadband_protocol: +2 (54 total)
  • fleet_orchestration: +1 (5...
  Posted: 🧱 1 new PLATO tiles (total: 857)
  • deepfar-deepfar1: +1 (18 total)...
  No new tiles (857 total)
  No new tiles (857 total)
  No new tiles (857 total)
  Posted: 🧱 6 new PLATO tiles (total: 863)
  • confidence_proofs: +2 (50 total)
  • fleet_security: +2 (50 tot...
  No new tiles (863 total)
  Posted: 🧱 1 new PLATO tiles (total: 864)
  • jc1_context: +1 (57 total)...
  No new tiles (864 total)
  No new tiles (864 total)
  Posted: 🧱 5 new PLATO tiles (total: 869)
  • shell_system: +2 (54 total)
  • edge_compute: +2 (54 total)
  •...
  Posted: 🧱 1 new PLATO tiles (total: 870)
  • telepathy: +1 (52 total)...
  No new tiles (870 total)
  No new tiles (870 total)
  No new tiles (870 total)
  Posted: 🧱 3 new PLATO tiles (total: 873)
  • knowledge_preservation: +1 (53 total)
  • instinct_training: +1...
  Posted: 🧱 3 new PLATO tiles (total: 876)
  • knowledge_preservation: +1 (54 total)
  • instinct_training: +1...
  No new tiles (876 total)
  No new tiles (876 total)
  No new tiles (876 total)
  Posted: 🧱 3 new PLATO tiles (total: 879)
  • deadband_protocol: +1 (55 total)
  • fleet_orchestration: +1 (5...
  Posted: 🧱 3 new PLATO tiles (total: 882)
  • deadband_protocol: +1 (56 total)
  • fleet_orchestration: +1 (5...
  No new tiles (882 total)
  Posted: 🧱 1 new PLATO tiles (total: 883)
  • jc1_context: +1 (58 total)...
  No new tiles (883 total)
  Posted: 🧱 3 new PLATO tiles (total: 886)
  • confidence_proofs: +1 (51 total)
  • fleet_security: +1 (51 tot...
  Posted: 🧱 3 new PLATO tiles (total: 889)
  • confidence_proofs: +1 (52 total)
  • fleet_security: +1 (52 tot...
  No new tiles (889 total)
  No new tiles (889 total)
  No new tiles (889 total)
  Posted: 🧱 3 new PLATO tiles (total: 892)
  • telepathy: +1 (53 total)
  • shell_system: +1 (55 total)
  • ed...
  Posted: 🧱 3 new PLATO tiles (total: 895)
  • telepathy: +1 (54 total)
  • shell_system: +1 (56 total)
  • ed...
  No new tiles (895 total)
  No new tiles (895 total)
  No new tiles (895 total)
  Posted: 🧱 3 new PLATO tiles (total: 898)
  • knowledge_preservation: +1 (55 total)
  • instinct_training: +1...
  Posted: 🧱 3 new PLATO tiles (total: 901)
  • knowledge_preservation: +1 (56 total)
  • instinct_training: +1...
  No new tiles (901 total)
  Posted: 🧱 1 new PLATO tiles (total: 902)
  • jc1_context: +1 (59 total)...
  No new tiles (902 total)
  Posted: 🧱 3 new PLATO tiles (total: 905)
  • deadband_protocol: +1 (57 total)
  • fleet_orchestration: +1 (5...
  Posted: 🧱 3 new PLATO tiles (total: 908)
  • deadband_protocol: +1 (58 total)
  • fleet_orchestration: +1 (5...
  No new tiles (908 total)
  No new tiles (908 total)
  No new tiles (908 total)
  Posted: 🧱 3 new PLATO tiles (total: 911)
  • confidence_proofs: +1 (53 total)
  • fleet_security: +1 (53 tot...
  Posted: 🧱 3 new PLATO tiles (total: 914)
  • confidence_proofs: +1 (54 total)
  • fleet_security: +1 (54 tot...
  No new tiles (914 total)
  No new tiles (914 total)
  No new tiles (914 total)
  Posted: 🧱 2 new PLATO tiles (total: 916)
  • shell_system: +1 (57 total)
  • edge_compute: +1 (57 total)...
  Posted: 🧱 4 new PLATO tiles (total: 920)
  • telepathy: +2 (56 total)
  • shell_system: +1 (58 total)
  • ed...
  No new tiles (920 total)
  Posted: 🧱 1 new PLATO tiles (total: 921)
  • jc1_context: +1 (60 total)...
  No new tiles (921 total)
  No new tiles (921 total)
  Posted: 🧱 6 new PLATO tiles (total: 927)
  • knowledge_preservation: +2 (58 total)
  • instinct_training: +2...
  No new tiles (927 total)
  No new tiles (927 total)
  No new tiles (927 total)
  No new tiles (927 total)
  Posted: 🧱 4 new PLATO tiles (total: 931)
  • fleet_orchestration: +2 (58 total)
  • deadband_protocol: +1 (5...
  Posted: 🧱 2 new PLATO tiles (total: 933)
  • deadband_protocol: +1 (60 total)
  • skill_dsl: +1 (59 total)...
  No new tiles (933 total)
  No new tiles (933 total)
  No new tiles (933 total)
  Posted: 🧱 3 new PLATO tiles (total: 936)
  • confidence_proofs: +1 (55 total)
  • fleet_security: +1 (55 tot...
  Posted: 🧱 3 new PLATO tiles (total: 939)
  • confidence_proofs: +1 (56 total)
  • fleet_security: +1 (56 tot...
  Posted: 🧱 1 new PLATO tiles (total: 940)
  • jc1_context: +1 (61 total)...
  No new tiles (940 total)
  No new tiles (940 total)
  Posted: 🧱 3 new PLATO tiles (total: 943)
  • telepathy: +1 (57 total)
  • shell_system: +1 (59 total)
  • ed...
  Posted: 🧱 3 new PLATO tiles (total: 946)
  • telepathy: +1 (58 total)
  • shell_system: +1 (60 total)
  • ed...
  No new tiles (946 total)
  No new tiles (946 total)
  No new tiles (946 total)
  Posted: 🧱 3 new PLATO tiles (total: 949)
  • knowledge_preservation: +1 (59 total)
  • instinct_training: +1...
  Posted: 🧱 3 new PLATO tiles (total: 952)
  • knowledge_preservation: +1 (60 total)
  • instinct_training: +1...
  No new tiles (952 total)
  No new tiles (952 total)
  No new tiles (952 total)
  Posted: 🧱 3 new PLATO tiles (total: 955)
  • deadband_protocol: +1 (61 total)
  • fleet_orchestration: +1 (5...
  Posted: 🧱 3 new PLATO tiles (total: 958)
  • deadband_protocol: +1 (62 total)
  • fleet_orchestration: +1 (6...
  Posted: 🧱 1 new PLATO tiles (total: 959)
  • jc1_context: +1 (62 total)...
  No new tiles (959 total)
  No new tiles (959 total)
  Posted: 🧱 3 new PLATO tiles (total: 962)
  • confidence_proofs: +1 (57 total)
  • fleet_security: +1 (57 tot...
  Posted: 🧱 3 new PLATO tiles (total: 965)
  • confidence_proofs: +1 (58 total)
  • fleet_security: +1 (58 tot...
  No new tiles (965 total)
  No new tiles (965 total)
  No new tiles (965 total)
  Posted: 🧱 3 new PLATO tiles (total: 968)
  • telepathy: +1 (59 total)
  • shell_system: +1 (61 total)
  • ed...
  Posted: 🧱 3 new PLATO tiles (total: 971)
  • telepathy: +1 (60 total)
  • shell_system: +1 (62 total)
  • ed...
  No new tiles (971 total)
  No new tiles (971 total)
  No new tiles (971 total)
  Posted: 🧱 3 new PLATO tiles (total: 974)
  • knowledge_preservation: +1 (61 total)
  • instinct_training: +1...
  Posted: 🧱 3 new PLATO tiles (total: 977)
  • knowledge_preservation: +1 (62 total)
  • instinct_training: +1...
  Posted: 🧱 1 new PLATO tiles (total: 978)
  • jc1_context: +1 (63 total)...
  No new tiles (978 total)
  No new tiles (978 total)
  Posted: 🧱 3 new PLATO tiles (total: 981)
  • deadband_protocol: +1 (63 total)
  • fleet_orchestration: +1 (6...
  Posted: 🧱 3 new PLATO tiles (total: 984)
  • deadband_protocol: +1 (64 total)
  • fleet_orchestration: +1 (6...
  No new tiles (984 total)
  No new tiles (984 total)
  No new tiles (984 total)
  No new tiles (984 total)
  Posted: 🧱 6 new PLATO tiles (total: 990)
  • confidence_proofs: +2 (60 total)
  • fleet_security: +2 (60 tot...
  No new tiles (990 total)
  No new tiles (990 total)
  No new tiles (990 total)
  No new tiles (990 total)
  Posted: 🧱 3 new PLATO tiles (total: 993)
  • telepathy: +1 (61 total)
  • shell_system: +1 (63 total)
  • ed...
  Posted: 🧱 4 new PLATO tiles (total: 997)
  • jc1_context: +1 (64 total)
  • telepathy: +1 (62 total)
  • she...
  No new tiles (997 total)
  No new tiles (997 total)
  No new tiles (997 total)
  Posted: 🧱 3 new PLATO tiles (total: 1000)
  • knowledge_preservation: +1 (63 total)
  • instinct_training: +...
  Posted: 🧱 4 new PLATO tiles (total: 1004)
  • knowledge_preservation: +1 (64 total)
  • instinct_training: +...
  No new tiles (1004 total)
  No new tiles (1004 total)
  No new tiles (1004 total)
  Posted: 🧱 3 new PLATO tiles (total: 1007)
  • deadband_protocol: +1 (65 total)
  • fleet_orchestration: +1 (...
  Posted: 🧱 3 new PLATO tiles (total: 1010)
  • deadband_protocol: +1 (66 total)
  • fleet_orchestration: +1 (...
  No new tiles (1010 total)
  No new tiles (1010 total)
  No new tiles (1010 total)
  Posted: 🧱 3 new PLATO tiles (total: 1013)
  • confidence_proofs: +1 (61 total)
  • fleet_security: +1 (61 to...
  Posted: 🧱 3 new PLATO tiles (total: 1016)
  • confidence_proofs: +1 (62 total)
  • fleet_security: +1 (62 to...
  No new tiles (1016 total)
  No new tiles (1016 total)
  No new tiles (1016 total)
  Posted: 🧱 3 new PLATO tiles (total: 1019)
  • telepathy: +1 (63 total)
  • shell_system: +1 (65 total)
  • e...
  Posted: 🧱 3 new PLATO tiles (total: 1022)
  • telepathy: +1 (64 total)
  • shell_system: +1 (66 total)
  • e...
  No new tiles (1022 total)
  No new tiles (1022 total)
  No new tiles (1022 total)
  Posted: 🧱 3 new PLATO tiles (total: 1025)
  • knowledge_preservation: +1 (65 total)
  • instinct_training: +...
  Posted: 🧱 3 new PLATO tiles (total: 1028)
  • deadband_protocol: +1 (67 total)
  • fleet_orchestration: +1 (...
  No new tiles (1028 total)
  No new tiles (1028 total)
  No new tiles (1028 total)
  Posted: 🧱 3 new PLATO tiles (total: 1031)
  • deadband_protocol: +1 (68 total)
  • fleet_orchestration: +1 (...
  Posted: 🧱 4 new PLATO tiles (total: 1035)
  • confidence_proofs: +1 (63 total)
  • fleet_security: +1 (63 to...
  No new tiles (1035 total)
  No new tiles (1035 total)
  No new tiles (1035 total)
  Posted: 🧱 2 new PLATO tiles (total: 1037)
  • confidence_proofs: +1 (64 total)
  • energy_flux: +1 (63 total...
  Posted: 🧱 4 new PLATO tiles (total: 1041)
  • fleet_security: +1 (64 total)
  • telepathy: +1 (65 total)
  •...
  No new tiles (1041 total)
  No new tiles (1041 total)
  No new tiles (1041 total)
  No new tiles (1041 total)
  Posted: 🧱 6 new PLATO tiles (total: 1047)
  • knowledge_preservation: +1 (66 total)
  • instinct_training: +...
  No new tiles (1047 total)
  No new tiles (1047 total)
  No new tiles (1047 total)
  No new tiles (1047 total)
  Posted: 🧱 7 new PLATO tiles (total: 1054)
  • deadband_protocol: +1 (69 total)
  • fleet_orchestration: +1 (...
  No new tiles (1054 total)
  No new tiles (1054 total)
  No new tiles (1054 total)
  No new tiles (1054 total)
  Posted: 🧱 4 new PLATO tiles (total: 1058)
  • deadband_protocol: +1 (70 total)
  • fleet_orchestration: +1 (...
  Posted: 🧱 2 new PLATO tiles (total: 1060)
  • confidence_proofs: +1 (65 total)
  • fleet_security: +1 (65 to...
  No new tiles (1060 total)
  Posted: 🧱 1 new PLATO tiles (total: 1061)
  • jc1_direct: +1 (1 total)...
  No new tiles (1061 total)
  Posted: 🧱 4 new PLATO tiles (total: 1065)
  • confidence_proofs: +1 (66 total)
  • fleet_security: +1 (66 to...
  Posted: 🧱 3 new PLATO tiles (total: 1068)
  • telepathy: +1 (67 total)
  • shell_system: +1 (69 total)
  • e...
  No new tiles (1068 total)
  Posted: 🧱 1 new PLATO tiles (total: 1069)
  • fleet_security: +1 (67 total)...
  No new tiles (1069 total)
  Posted: 🧱 4 new PLATO tiles (total: 1073)
  • jc1_context: +1 (68 total)
  • telepathy: +1 (68 total)
  • sh...
  Posted: 🧱 3 new PLATO tiles (total: 1076)
  • knowledge_preservation: +1 (68 total)
  • instinct_training: +...
  No new tiles (1076 total)
  No new tiles (1076 total)
  No new tiles (1076 total)
  Posted: 🧱 3 new PLATO tiles (total: 1079)
  • deadband_protocol: +1 (71 total)
  • fleet_orchestration: +1 (...
  Posted: 🧱 3 new PLATO tiles (total: 1082)
  • deadband_protocol: +1 (72 total)
  • fleet_orchestration: +1 (...
  No new tiles (1082 total)
  No new tiles (1082 total)
  No new tiles (1082 total)
  Posted: 🧱 3 new PLATO tiles (total: 1085)
  • confidence_proofs: +1 (67 total)
  • fleet_security: +1 (68 to...
  Posted: 🧱 3 new PLATO tiles (total: 1088)
  • confidence_proofs: +1 (68 total)
  • fleet_security: +1 (69 to...
  No new tiles (1088 total)
  No new tiles (1088 total)
  No new tiles (1088 total)
  Posted: 🧱 4 new PLATO tiles (total: 1092)
  • jc1_context: +1 (69 total)
  • telepathy: +1 (69 total)
  • sh...
  Posted: 🧱 3 new PLATO tiles (total: 1095)
  • telepathy: +1 (70 total)
  • shell_system: +1 (72 total)
  • e...
  No new tiles (1095 total)
  No new tiles (1095 total)
  No new tiles (1095 total)
  Posted: 🧱 3 new PLATO tiles (total: 1098)
  • knowledge_preservation: +1 (69 total)
  • instinct_training: +...
  Posted: 🧱 3 new PLATO tiles (total: 1101)
  • knowledge_preservation: +1 (70 total)
  • instinct_training: +...
  No new tiles (1101 total)
  No new tiles (1101 total)
  No new tiles (1101 total)
  Posted: 🧱 3 new PLATO tiles (total: 1104)
  • deadband_protocol: +1 (73 total)
  • fleet_orchestration: +1 (...
  Posted: 🧱 3 new PLATO tiles (total: 1107)
  • deadband_protocol: +1 (74 total)
  • fleet_orchestration: +1 (...
  No new tiles (1107 total)
  No new tiles (1107 total)
  No new tiles (1107 total)
  Posted: 🧱 1 new PLATO tiles (total: 1108)
  • jc1_context: +1 (70 total)...
  Posted: 🧱 6 new PLATO tiles (total: 1114)
  • confidence_proofs: +2 (70 total)
  • fleet_security: +2 (71 to...
  No new tiles (1114 total)
  No new tiles (1114 total)
  No new tiles (1114 total)
  No new tiles (1114 total)
  Posted: 🧱 6 new PLATO tiles (total: 1120)
  • telepathy: +2 (72 total)
  • shell_system: +2 (74 total)
  • e...
  No new tiles (1120 total)
  No new tiles (1120 total)
  No new tiles (1120 total)
  No new tiles (1120 total)
  Posted: 🧱 5 new PLATO tiles (total: 1125)
  • knowledge_preservation: +2 (72 total)
  • instinct_training: +...
  Posted: 🧱 1 new PLATO tiles (total: 1126)
  • flux_isa: +1 (71 total)...
  No new tiles (1126 total)
  No new tiles (1126 total)
  Posted: 🧱 1 new PLATO tiles (total: 1127)
  • jc1_context: +1 (71 total)...
  Posted: 🧱 3 new PLATO tiles (total: 1130)
  • deadband_protocol: +1 (75 total)
  • fleet_orchestration: +1 (...
  Posted: 🧱 3 new PLATO tiles (total: 1133)
  • deadband_protocol: +1 (76 total)
  • fleet_orchestration: +1 (...
  No new tiles (1133 total)
  No new tiles (1133 total)
